<?xml version="1.0" encoding="UTF-8"?>
<!-- Generated by org.testng.reporters.JUnitReportReporter -->
<testsuite hostname="LAPTOP-QMTC14CJ" failures="0" tests="3" name="testNGPrograms.Prioritization" time="18.963" errors="0" timestamp="2023-05-02T21:07:40 IST" skipped="0">
  <testcase classname="testNGPrograms.Prioritization" name="LaunchBrowser" time="6.029"/>
  <system-out/>
  <testcase classname="testNGPrograms.Prioritization" name="LaunchBrowser" time="6.780"/>
  <system-out/>
  <testcase classname="testNGPrograms.Prioritization" name="LaunchBrowser" time="6.154"/>
  <system-out/>
</testsuite> <!-- testNGPrograms.Prioritization -->
