<?xml version="1.0" encoding="UTF-8"?>
<!-- Generated by org.testng.reporters.JUnitReportReporter -->
<testsuite hostname="LAPTOP-QMTC14CJ" failures="0" tests="3" name="webdriverbasicsmaven.FirstTest" time="0.013" errors="0" timestamp="2023-04-25T20:58:35 IST" skipped="0">
  <testcase classname="webdriverbasicsmaven.FirstTest" name="login" time="0.006"/>
  <system-out/>
  <testcase classname="webdriverbasicsmaven.FirstTest" name="search" time="0.006"/>
  <system-out/>
  <testcase classname="webdriverbasicsmaven.FirstTest" name="advsearch" time="0.001"/>
  <system-out/>
</testsuite> <!-- webdriverbasicsmaven.FirstTest -->
