<?xml version="1.0" encoding="UTF-8"?>
<!-- Generated by org.testng.reporters.JUnitReportReporter -->
<testsuite hostname="LAPTOP-QMTC14CJ" failures="0" tests="3" name="webdriverbasicsmaven.TestNGDemo2" time="0.004" errors="0" timestamp="2023-04-25T20:58:35 IST" skipped="0">
  <testcase classname="webdriverbasicsmaven.TestNGDemo2" name="login" time="0.001"/>
  <system-out/>
  <testcase classname="webdriverbasicsmaven.TestNGDemo2" name="search" time="0.001"/>
  <system-out/>
  <testcase classname="webdriverbasicsmaven.TestNGDemo2" name="advsearch" time="0.002"/>
  <system-out/>
</testsuite> <!-- webdriverbasicsmaven.TestNGDemo2 -->
