<?xml version="1.0" encoding="UTF-8"?>
<!-- Generated by org.testng.reporters.JUnitReportReporter -->
<testsuite hostname="LAPTOP-QMTC14CJ" failures="0" tests="2" name="testNGPrograms.SimpleDemoPage" time="10.719" errors="0" timestamp="2023-05-02T20:10:41 IST" skipped="0">
  <testcase classname="testNGPrograms.SimpleDemoPage" name="getSetofUsers" time="3.706"/>
  <system-out/>
  <testcase classname="testNGPrograms.SimpleDemoPage" name="getSetofUsers" time="7.013"/>
  <system-out/>
</testsuite> <!-- testNGPrograms.SimpleDemoPage -->
